0 info it worked if it ends with ok
1 verbose cli [ '/usr/bin/node', '/usr/bin/npm', 'install', '--global', 'n' ]
2 info using npm@3.5.2
3 info using node@v8.10.0
4 silly loadCurrentTree Starting
5 silly install loadCurrentTree
6 silly install readGlobalPackageData
7 silly fetchPackageMetaData n
8 silly fetchNamedPackageData n
9 silly mapToRegistry name n
10 silly mapToRegistry using default registry
11 silly mapToRegistry registry https://registry.npmjs.org/
12 silly mapToRegistry uri https://registry.npmjs.org/n
13 verbose request uri https://registry.npmjs.org/n
14 verbose request no auth needed
15 info attempt registry request try #1 at 12:44:36
16 verbose request id 510ab831273c16c4
17 http request GET https://registry.npmjs.org/n
18 info retry will retry, error on last attempt: Error: write EPROTO 140682711174016:error:14082174:SSL routines:ssl3_check_cert_and_algorithm:dh key too small:s3_clnt.c:3641:
19 info attempt registry request try #2 at 12:44:46
20 http request GET https://registry.npmjs.org/n
21 info retry will retry, error on last attempt: Error: write EPROTO 140682711174016:error:14082174:SSL routines:ssl3_check_cert_and_algorithm:dh key too small:s3_clnt.c:3641:
22 info attempt registry request try #3 at 12:45:46
23 http request GET https://registry.npmjs.org/n
24 silly fetchPackageMetaData Error: write EPROTO 140682711174016:error:14082174:SSL routines:ssl3_check_cert_and_algorithm:dh key too small:s3_clnt.c:3641:
24 silly fetchPackageMetaData
24 silly fetchPackageMetaData     at _errnoException (util.js:1022:11)
24 silly fetchPackageMetaData     at WriteWrap.afterWrite [as oncomplete] (net.js:880:14)
24 silly fetchPackageMetaData  error for n { Error: write EPROTO 140682711174016:error:14082174:SSL routines:ssl3_check_cert_and_algorithm:dh key too small:s3_clnt.c:3641:
24 silly fetchPackageMetaData
24 silly fetchPackageMetaData     at _errnoException (util.js:1022:11)
24 silly fetchPackageMetaData     at WriteWrap.afterWrite [as oncomplete] (net.js:880:14) code: 'EPROTO', errno: 'EPROTO', syscall: 'write' }
25 silly rollbackFailedOptional Starting
26 silly rollbackFailedOptional Finishing
27 silly runTopLevelLifecycles Starting
28 silly runTopLevelLifecycles Finishing
29 silly install printInstalled
30 verbose stack Error: write EPROTO 140682711174016:error:14082174:SSL routines:ssl3_check_cert_and_algorithm:dh key too small:s3_clnt.c:3641:
30 verbose stack
30 verbose stack     at _errnoException (util.js:1022:11)
30 verbose stack     at WriteWrap.afterWrite [as oncomplete] (net.js:880:14)
31 verbose cwd /home/p0075317/utils/dotfiles
32 error Linux 4.18.0-15-generic
33 error argv "/usr/bin/node" "/usr/bin/npm" "install" "--global" "n"
34 error node v8.10.0
35 error npm  v3.5.2
36 error code EPROTO
37 error errno EPROTO
38 error syscall write
39 error write EPROTO 140682711174016:error:14082174:SSL routines:ssl3_check_cert_and_algorithm:dh key too small:s3_clnt.c:3641:
40 error If you need help, you may report this error at:
40 error     <https://github.com/npm/npm/issues>
41 verbose exit [ 1, true ]
